2019-01-27 01:13:04,621 - com.uiFramework.smart24x7.rosterUpload.helper.logger.LoggerHelper -INFO - logger is configured
2019-01-27 01:13:04,636 - com.uiFramework.smart24x7.rosterUpload.helper.logger.LoggerHelper -INFO - logger is configured
2019-01-27 01:13:04,637 - com.uiFramework.smart24x7.rosterUpload.helper.logger.LoggerHelper -INFO - logger is configured
2019-02-10 03:37:06,578 - com.uiFramework.smart24x7.rosterUpload.helper.listener.Retry -INFO - Retrying Test testLogin with status FAIL for the 1 times. 
2019-02-10 03:37:06,655 - com.uiFramework.smart24x7.rosterUpload.helper.listener.Retry -INFO - Retrying Test testLogin with status FAIL for the 2 times. 
2019-02-10 03:37:06,676 - com.uiFramework.smart24x7.rosterUpload.helper.listener.Retry -INFO - Retrying Test testLogin with status FAIL for the 3 times. 
2019-02-10 03:37:06,945 - com.uiFramework.smart24x7.rosterUpload.helper.listener.Retry -INFO - Retrying Test testLogin with status FAIL for the 1 times. 
2019-02-10 03:37:06,958 - com.uiFramework.smart24x7.rosterUpload.helper.listener.Retry -INFO - Retrying Test testLogin with status FAIL for the 2 times. 
2019-02-10 03:37:06,972 - com.uiFramework.smart24x7.rosterUpload.helper.listener.Retry -INFO - Retrying Test testLogin with status FAIL for the 3 times. 
2019-02-18 23:24:11,244 - com.uiFramework.smart24x7.rosterUpload.helper.listener.Retry -INFO - Retrying Test testLogin with status FAIL for the 1 times. 
2019-02-18 23:24:11,339 - com.uiFramework.smart24x7.rosterUpload.helper.listener.Retry -INFO - Retrying Test testLogin with status FAIL for the 2 times. 
2019-02-18 23:24:11,358 - com.uiFramework.smart24x7.rosterUpload.helper.listener.Retry -INFO - Retrying Test testLogin with status FAIL for the 3 times. 
2019-02-18 23:24:11,631 - com.uiFramework.smart24x7.rosterUpload.helper.listener.Retry -INFO - Retrying Test testLogin with status FAIL for the 1 times. 
2019-02-18 23:24:11,642 - com.uiFramework.smart24x7.rosterUpload.helper.listener.Retry -INFO - Retrying Test testLogin with status FAIL for the 2 times. 
2019-02-18 23:24:11,655 - com.uiFramework.smart24x7.rosterUpload.helper.listener.Retry -INFO - Retrying Test testLogin with status FAIL for the 3 times. 
2019-02-18 23:32:36,405 - com.uiFramework.smart24x7.rosterUpload.helper.listener.Retry -INFO - Retrying Test testLogin with status FAIL for the 1 times. 
2019-02-18 23:32:36,437 - com.uiFramework.smart24x7.rosterUpload.helper.listener.Retry -INFO - Retrying Test testLogin with status FAIL for the 2 times. 
2019-02-18 23:32:36,453 - com.uiFramework.smart24x7.rosterUpload.helper.listener.Retry -INFO - Retrying Test testLogin with status FAIL for the 3 times. 
2019-02-18 23:32:36,603 - com.uiFramework.smart24x7.rosterUpload.helper.listener.Retry -INFO - Retrying Test testLogin with status FAIL for the 1 times. 
2019-02-18 23:32:36,613 - com.uiFramework.smart24x7.rosterUpload.helper.listener.Retry -INFO - Retrying Test testLogin with status FAIL for the 2 times. 
2019-02-18 23:32:36,717 - com.uiFramework.smart24x7.rosterUpload.helper.listener.Retry -INFO - Retrying Test testLogin with status FAIL for the 3 times. 
2019-02-18 23:53:38,130 - com.uiFramework.smart24x7.rosterUpload.helper.listener.Retry -INFO - Retrying Test testLogin with status FAIL for the 1 times. 
2019-02-18 23:53:38,244 - com.uiFramework.smart24x7.rosterUpload.helper.listener.Retry -INFO - Retrying Test testLogin with status FAIL for the 2 times. 
2019-02-18 23:53:38,258 - com.uiFramework.smart24x7.rosterUpload.helper.listener.Retry -INFO - Retrying Test testLogin with status FAIL for the 3 times. 
2019-02-18 23:53:38,426 - com.uiFramework.smart24x7.rosterUpload.helper.listener.Retry -INFO - Retrying Test testLogin with status FAIL for the 1 times. 
2019-02-18 23:53:38,440 - com.uiFramework.smart24x7.rosterUpload.helper.listener.Retry -INFO - Retrying Test testLogin with status FAIL for the 2 times. 
2019-02-18 23:53:38,455 - com.uiFramework.smart24x7.rosterUpload.helper.listener.Retry -INFO - Retrying Test testLogin with status FAIL for the 3 times. 
2019-02-19 00:38:59,511 - com.uiFramework.smart24x7.rosterUpload.helper.listener.Retry -INFO - Retrying Test testLoginB with status FAIL for the 1 times. 
2019-02-19 00:38:59,640 - com.uiFramework.smart24x7.rosterUpload.helper.listener.Retry -INFO - Retrying Test testLoginB with status FAIL for the 2 times. 
2019-02-19 00:38:59,824 - com.uiFramework.smart24x7.rosterUpload.helper.listener.Retry -INFO - Retrying Test testLogin with status FAIL for the 1 times. 
2019-02-19 00:38:59,867 - com.uiFramework.smart24x7.rosterUpload.helper.listener.Retry -INFO - Retrying Test testLogin with status FAIL for the 2 times. 
2019-02-19 00:47:04,850 - com.uiFramework.smart24x7.rosterUpload.helper.listener.Retry -INFO - Retrying Test testLoginB with status FAIL for the 1 times. 
2019-02-19 00:47:04,887 - com.uiFramework.smart24x7.rosterUpload.helper.listener.Retry -INFO - Retrying Test testLoginB with status FAIL for the 2 times. 
2019-02-19 00:47:05,037 - com.uiFramework.smart24x7.rosterUpload.helper.listener.Retry -INFO - Retrying Test testLoginC with status FAIL for the 1 times. 
2019-02-19 00:47:05,065 - com.uiFramework.smart24x7.rosterUpload.helper.listener.Retry -INFO - Retrying Test testLoginC with status FAIL for the 2 times. 
2019-02-19 00:47:05,075 - com.uiFramework.smart24x7.rosterUpload.helper.listener.Retry -INFO - Retrying Test testLoginC with status FAIL for the 3 times. 
2019-02-19 22:56:12,404 - com.uiFramework.smart24x7.rosterUpload.helper.listener.Retry -INFO - Retrying Test testLoginB with status FAIL for the 1 times. 
2019-02-19 22:56:13,090 - com.uiFramework.smart24x7.rosterUpload.helper.listener.Retry -INFO - Retrying Test testLoginB with status FAIL for the 2 times. 
2019-02-19 22:56:13,718 - com.uiFramework.smart24x7.rosterUpload.helper.listener.Retry -INFO - Retrying Test testLoginC with status FAIL for the 1 times. 
2019-02-19 22:56:13,720 - com.uiFramework.smart24x7.rosterUpload.helper.listener.Retry -INFO - Retrying Test testLoginC with status FAIL for the 2 times. 
2019-02-19 22:56:13,735 - com.uiFramework.smart24x7.rosterUpload.helper.listener.Retry -INFO - Retrying Test testLoginC with status FAIL for the 3 times. 
2019-02-19 23:19:29,601 - com.uiFramework.smart24x7.rosterUpload.helper.listener.Retry -INFO - Retrying Test testLoginB with status FAIL for the 1 times. 
2019-02-19 23:19:29,633 - com.uiFramework.smart24x7.rosterUpload.helper.listener.Retry -INFO - Retrying Test testLoginB with status FAIL for the 2 times. 
2019-02-19 23:19:29,781 - com.uiFramework.smart24x7.rosterUpload.helper.listener.Retry -INFO - Retrying Test testLoginC with status FAIL for the 1 times. 
2019-02-19 23:19:29,793 - com.uiFramework.smart24x7.rosterUpload.helper.listener.Retry -INFO - Retrying Test testLoginC with status FAIL for the 2 times. 
2019-02-19 23:19:29,817 - com.uiFramework.smart24x7.rosterUpload.helper.listener.Retry -INFO - Retrying Test testLoginC with status FAIL for the 3 times. 
2019-05-31 00:42:10,508 - com.uiFramework.smart24x7.rosterUpload.helper.excel.ExcelHelper -INFO - result updated...
2019-05-31 00:42:12,007 - com.uiFramework.smart24x7.rosterUpload.helper.excel.ExcelHelper -INFO - result updated...
2019-05-31 00:42:12,327 - com.uiFramework.smart24x7.rosterUpload.helper.excel.ExcelHelper -INFO - result updated...
2019-05-31 00:44:08,507 - com.uiFramework.smart24x7.rosterUpload.helper.excel.ExcelHelper -INFO - result updated...
2019-05-31 00:44:08,992 - com.uiFramework.smart24x7.rosterUpload.helper.excel.ExcelHelper -INFO - result updated...
2019-05-31 00:44:09,196 - com.uiFramework.smart24x7.rosterUpload.helper.excel.ExcelHelper -INFO - result updated...
2019-05-31 00:45:49,993 - com.uiFramework.smart24x7.rosterUpload.helper.excel.ExcelHelper -INFO - result updated...
2019-05-31 00:45:50,565 - com.uiFramework.smart24x7.rosterUpload.helper.excel.ExcelHelper -INFO - result updated...
2019-05-31 00:45:50,829 - com.uiFramework.smart24x7.rosterUpload.helper.excel.ExcelHelper -INFO - result updated...
2019-05-31 00:46:19,144 - com.uiFramework.smart24x7.rosterUpload.helper.excel.ExcelHelper -INFO - result updated...
2019-05-31 00:46:19,534 - com.uiFramework.smart24x7.rosterUpload.helper.excel.ExcelHelper -INFO - result updated...
2019-05-31 00:46:19,723 - com.uiFramework.smart24x7.rosterUpload.helper.excel.ExcelHelper -INFO - result updated...
2019-05-31 00:47:14,147 - com.uiFramework.smart24x7.rosterUpload.helper.excel.ExcelHelper -INFO - result updated...
2019-05-31 00:47:14,578 - com.uiFramework.smart24x7.rosterUpload.helper.excel.ExcelHelper -INFO - result updated...
2019-05-31 00:47:14,794 - com.uiFramework.smart24x7.rosterUpload.helper.excel.ExcelHelper -INFO - result updated...
2019-05-31 00:47:53,149 - com.uiFramework.smart24x7.rosterUpload.helper.excel.ExcelHelper -INFO - result updated...
2019-05-31 00:47:53,542 - com.uiFramework.smart24x7.rosterUpload.helper.excel.ExcelHelper -INFO - result updated...
2019-05-31 00:47:53,726 - com.uiFramework.smart24x7.rosterUpload.helper.excel.ExcelHelper -INFO - result updated...
2019-08-18 01:06:50,850 - com.uiFramework.smart24x7.rosterUpload.helper.excel.ExcelHelper -INFO - result updated...
2019-08-18 01:06:51,995 - com.uiFramework.smart24x7.rosterUpload.helper.excel.ExcelHelper -INFO - result updated...
2019-08-18 01:06:52,219 - com.uiFramework.smart24x7.rosterUpload.helper.excel.ExcelHelper -INFO - result updated...
2019-08-18 01:25:30,222 - com.uiFramework.smart24x7.rosterUpload.helper.excel.ExcelHelper -INFO - result updated...
2019-08-18 01:25:30,701 - com.uiFramework.smart24x7.rosterUpload.helper.excel.ExcelHelper -INFO - result updated...
2019-08-18 01:33:05,679 - com.uiFramework.smart24x7.rosterUpload.helper.excel.ExcelHelper -INFO - result updated...
2019-08-18 01:33:05,885 - com.uiFramework.smart24x7.rosterUpload.helper.excel.ExcelHelper -INFO - result updated...
2019-08-18 01:33:05,966 - com.uiFramework.smart24x7.rosterUpload.helper.excel.ExcelHelper -INFO - result updated...
2019-08-18 01:35:04,258 - com.uiFramework.smart24x7.rosterUpload.helper.excel.ExcelHelper -INFO - result updated...
2019-08-18 01:35:04,469 - com.uiFramework.smart24x7.rosterUpload.helper.excel.ExcelHelper -INFO - result updated...
2019-08-18 01:36:27,583 - com.uiFramework.smart24x7.rosterUpload.helper.excel.ExcelHelper -INFO - result updated...
2019-08-18 01:36:28,018 - com.uiFramework.smart24x7.rosterUpload.helper.excel.ExcelHelper -INFO - result updated...
2019-08-18 01:36:28,160 - com.uiFramework.smart24x7.rosterUpload.helper.excel.ExcelHelper -INFO - result updated...
2019-08-18 01:37:34,996 - com.uiFramework.smart24x7.rosterUpload.helper.excel.ExcelHelper -INFO - result updated...
2019-08-18 01:37:35,234 - com.uiFramework.smart24x7.rosterUpload.helper.excel.ExcelHelper -INFO - result updated...
2019-08-18 01:37:35,322 - com.uiFramework.smart24x7.rosterUpload.helper.excel.ExcelHelper -INFO - result updated...
2019-08-18 01:39:03,110 - com.uiFramework.smart24x7.rosterUpload.helper.excel.ExcelHelper -INFO - result updated...
2019-08-18 01:39:03,361 - com.uiFramework.smart24x7.rosterUpload.helper.excel.ExcelHelper -INFO - result updated...
2019-08-18 01:39:03,441 - com.uiFramework.smart24x7.rosterUpload.helper.excel.ExcelHelper -INFO - result updated...
2019-08-18 01:40:22,588 - com.uiFramework.smart24x7.rosterUpload.helper.excel.ExcelHelper -INFO - result updated...
2019-08-18 01:40:22,791 - com.uiFramework.smart24x7.rosterUpload.helper.excel.ExcelHelper -INFO - result updated...
2019-08-18 01:40:22,880 - com.uiFramework.smart24x7.rosterUpload.helper.excel.ExcelHelper -INFO - result updated...
2019-08-18 01:42:22,358 - com.uiFramework.smart24x7.rosterUpload.helper.excel.ExcelHelper -INFO - result updated...
2019-08-18 01:42:22,561 - com.uiFramework.smart24x7.rosterUpload.helper.excel.ExcelHelper -INFO - result updated...
2019-08-18 01:42:22,646 - com.uiFramework.smart24x7.rosterUpload.helper.excel.ExcelHelper -INFO - result updated...
2019-08-18 01:43:09,001 - com.uiFramework.smart24x7.rosterUpload.helper.excel.ExcelHelper -INFO - result updated...
2019-08-18 01:43:09,255 - com.uiFramework.smart24x7.rosterUpload.helper.excel.ExcelHelper -INFO - result updated...
2019-08-18 01:43:09,336 - com.uiFramework.smart24x7.rosterUpload.helper.excel.ExcelHelper -INFO - result updated...
2019-08-28 00:17:02,234 - com.uiFramework.smart24x7.rosterUpload.helper.assertion.AssertionHelper -INFO - making script PASS...
2019-08-28 00:17:03,889 - com.uiFramework.smart24x7.rosterUpload.helper.assertion.AssertionHelper -INFO - making script FAIL...
2019-08-28 00:17:04,309 - com.uiFramework.smart24x7.rosterUpload.helper.assertion.AssertionHelper -INFO - making script PASS...
2019-08-28 00:17:04,549 - com.uiFramework.smart24x7.rosterUpload.helper.assertion.AssertionHelper -INFO - making script FAIL...
2019-08-28 00:22:33,699 - com.uiFramework.smart24x7.rosterUpload.helper.assertion.AssertionHelper -INFO - making script PASS...
2019-08-28 00:22:34,719 - com.uiFramework.smart24x7.rosterUpload.helper.assertion.AssertionHelper -INFO - making script FAIL...
2019-08-28 00:22:35,017 - com.uiFramework.smart24x7.rosterUpload.helper.assertion.AssertionHelper -INFO - making script PASS...
2019-08-28 00:22:35,282 - com.uiFramework.smart24x7.rosterUpload.helper.assertion.AssertionHelper -INFO - making script FAIL...
2019-08-28 01:04:55,443 - com.uiFramework.smart24x7.rosterUpload.helper.assertion.AssertionHelper -INFO - making script PASS...
2019-08-28 01:04:56,458 - com.uiFramework.smart24x7.rosterUpload.helper.assertion.AssertionHelper -INFO - making script FAIL...
2019-08-28 01:04:56,745 - com.uiFramework.smart24x7.rosterUpload.helper.assertion.AssertionHelper -INFO - making script PASS...
2019-08-28 01:04:56,976 - com.uiFramework.smart24x7.rosterUpload.helper.assertion.AssertionHelper -INFO - making script FAIL...
2019-08-28 01:04:57,171 - com.uiFramework.smart24x7.rosterUpload.helper.assertion.AssertionHelper -INFO - making script PASS...
2019-08-28 01:04:57,340 - com.uiFramework.smart24x7.rosterUpload.helper.assertion.AssertionHelper -INFO - making script FAIL...
2019-08-28 01:04:57,580 - com.uiFramework.smart24x7.rosterUpload.helper.assertion.AssertionHelper -INFO - making script PASS...
2019-08-28 01:04:57,817 - com.uiFramework.smart24x7.rosterUpload.helper.assertion.AssertionHelper -INFO - making script FAIL...
2019-12-21 20:20:19,755 - com.uiFramework.smart24x7.rosterUpload.helper.assertion.AssertionHelper -INFO - making script PASS...
2019-12-21 20:20:21,182 - com.uiFramework.smart24x7.rosterUpload.helper.assertion.AssertionHelper -INFO - making script FAIL...
2019-12-21 20:20:21,578 - com.uiFramework.smart24x7.rosterUpload.helper.assertion.AssertionHelper -INFO - making script PASS...
2019-12-21 20:20:21,847 - com.uiFramework.smart24x7.rosterUpload.helper.assertion.AssertionHelper -INFO - making script FAIL...
2019-12-21 20:20:22,129 - com.uiFramework.smart24x7.rosterUpload.helper.assertion.AssertionHelper -INFO - making script PASS...
2019-12-21 20:20:22,452 - com.uiFramework.smart24x7.rosterUpload.helper.assertion.AssertionHelper -INFO - making script FAIL...
2019-12-21 20:20:22,943 - com.uiFramework.smart24x7.rosterUpload.helper.assertion.AssertionHelper -INFO - making script PASS...
2019-12-21 20:20:23,265 - com.uiFramework.smart24x7.rosterUpload.helper.assertion.AssertionHelper -INFO - making script FAIL...
2019-12-22 16:37:17,351 - com.uiFramework.smart24x7.rosterUpload.helper.assertion.AssertionHelper -INFO - making script PASS...
2019-12-22 16:37:19,970 - com.uiFramework.smart24x7.rosterUpload.helper.assertion.AssertionHelper -INFO - making script FAIL...
2019-12-22 16:37:20,326 - com.uiFramework.smart24x7.rosterUpload.helper.assertion.AssertionHelper -INFO - making script PASS...
2019-12-22 16:37:20,609 - com.uiFramework.smart24x7.rosterUpload.helper.assertion.AssertionHelper -INFO - making script FAIL...
2019-12-22 16:37:20,863 - com.uiFramework.smart24x7.rosterUpload.helper.assertion.AssertionHelper -INFO - making script PASS...
2019-12-22 16:37:21,095 - com.uiFramework.smart24x7.rosterUpload.helper.assertion.AssertionHelper -INFO - making script FAIL...
2019-12-22 16:37:21,561 - com.uiFramework.smart24x7.rosterUpload.helper.assertion.AssertionHelper -INFO - making script PASS...
2019-12-22 16:37:21,795 - com.uiFramework.smart24x7.rosterUpload.helper.assertion.AssertionHelper -INFO - making script FAIL...
